<?xml version="1.0" encoding="UTF-8"?>
<!-- Generated by org.testng.reporters.JUnitXMLReporter -->
<testsuite ignored="0" hostname="MSI" failures="1" tests="10" name="Login" time="17.225" errors="0" timestamp="2023-04-13T21:11:33 CDT">
  <testcase classname="swag_labs.test.LoginSwagTest" name="LoginAllTestsInOne" time="11.44">
    <failure type="org.openqa.selenium.WebDriverException" message="disconnected: not connected to DevTools
  (failed to check if window was closed: disconnected: not connected to DevTools)
  (Session info: chrome=112.0.5615.86)
Build info: version: &amp;apos;4.8.1&amp;apos;, revision: &amp;apos;8ebccac989&amp;apos;
System info: os.name: &amp;apos;Windows 11&amp;apos;, os.arch: &amp;apos;amd64&amp;apos;, os.version: &amp;apos;10.0&amp;apos;, java.version: &amp;apos;19.0.2&amp;apos;
Driver info: org.openqa.selenium.chrome.ChromeDriver
Command: [3d2e4baeb1e41454ece392e3b9fbabbc, close {}]
Capabilities {acceptInsecureCerts: false, browserName: chrome, browserVersion: 112.0.5615.86, chrome: {chromedriverVersion: 112.0.5615.49 (bd2a7bcb881c..., userDataDir: C:\Users\kayru\AppData\Loca...}, goog:chromeOptions: {debuggerAddress: localhost:1653}, networkConnectionEnabled: false, pageLoadStrategy: normal, platformName: WINDOWS, proxy: Proxy(), se:cdp: ws://localhost:1653/devtool..., se:cdpVersion: 112.0.5615.86, setWindowRect: true, strictFileInteractability: false, timeouts: {implicit: 0, pageLoad: 300000, script: 30000}, unhandledPromptBehavior: dismiss and notify, webauthn:extension:credBlob: true, webauthn:extension:largeBlob: true, webauthn:extension:minPinLength: true, webauthn:extension:prf: true, webauthn:virtualAuthenticators: true}
Session ID: 3d2e4baeb1e41454ece392e3b9fbabbc">
      <![CDATA[org.openqa.selenium.WebDriverException: disconnected: not connected to DevTools
  (failed to check if window was closed: disconnected: not connected to DevTools)
  (Session info: chrome=112.0.5615.86)
Build info: version: '4.8.1', revision: '8ebccac989'
System info: os.name: 'Windows 11', os.arch: 'amd64', os.version: '10.0', java.version: '19.0.2'
Driver info: org.openqa.selenium.chrome.ChromeDriver
Command: [3d2e4baeb1e41454ece392e3b9fbabbc, close {}]
Capabilities {acceptInsecureCerts: false, browserName: chrome, browserVersion: 112.0.5615.86, chrome: {chromedriverVersion: 112.0.5615.49 (bd2a7bcb881c..., userDataDir: C:\Users\kayru\AppData\Loca...}, goog:chromeOptions: {debuggerAddress: localhost:1653}, networkConnectionEnabled: false, pageLoadStrategy: normal, platformName: WINDOWS, proxy: Proxy(), se:cdp: ws://localhost:1653/devtool..., se:cdpVersion: 112.0.5615.86, setWindowRect: true, strictFileInteractability: false, timeouts: {implicit: 0, pageLoad: 300000, script: 30000}, unhandledPromptBehavior: dismiss and notify, webauthn:extension:credBlob: true, webauthn:extension:largeBlob: true, webauthn:extension:minPinLength: true, webauthn:extension:prf: true, webauthn:virtualAuthenticators: true}
Session ID: 3d2e4baeb1e41454ece392e3b9fbabbc
at org.openqa.selenium.remote.codec.w3c.W3CHttpResponseCodec.createException(W3CHttpResponseCodec.java:200)
at org.openqa.selenium.remote.codec.w3c.W3CHttpResponseCodec.decode(W3CHttpResponseCodec.java:133)
at org.openqa.selenium.remote.codec.w3c.W3CHttpResponseCodec.decode(W3CHttpResponseCodec.java:53)
at org.openqa.selenium.remote.HttpCommandExecutor.execute(HttpCommandExecutor.java:184)
at org.openqa.selenium.remote.service.DriverCommandExecutor.invokeExecute(DriverCommandExecutor.java:167)
at org.openqa.selenium.remote.service.DriverCommandExecutor.execute(DriverCommandExecutor.java:142)
at org.openqa.selenium.remote.RemoteWebDriver.execute(RemoteWebDriver.java:543)
at org.openqa.selenium.remote.RemoteWebDriver.execute(RemoteWebDriver.java:598)
at org.openqa.selenium.remote.RemoteWebDriver.execute(RemoteWebDriver.java:602)
at org.openqa.selenium.remote.RemoteWebDriver.close(RemoteWebDriver.java:419)
at softinnovas.library.Browser.close(Browser.java:135)
at swag_labs.test.LoginSwagTest.LoginAllTestsInOne(LoginSwagTest.java:376)
at java.base/java.util.ArrayList.forEach(ArrayList.java:1511)
... Removed 28 stack frames]]>
    </failure>
  </testcase> <!-- LoginAllTestsInOne -->
  <testcase classname="swag_labs.test.LoginSwagTest" name="LoginBlockedUser" time="1.01"/>
  <testcase classname="swag_labs.test.LoginSwagTest" name="LoginEmptyPassword" time="0.512"/>
  <testcase classname="swag_labs.test.LoginSwagTest" name="LoginEmptyUser" time="0.231"/>
  <testcase classname="swag_labs.test.LoginSwagTest" name="LoginEmptyUserAndEmptyPassword" time="0.203"/>
  <testcase classname="swag_labs.test.LoginSwagTest" name="LoginRightCredentials" time="1.058"/>
  <testcase classname="swag_labs.test.LoginSwagTest" name="LoginWrongPassword" time="0.253"/>
  <testcase classname="swag_labs.test.LoginSwagTest" name="LoginWrongUser" time="0.281"/>
  <testcase classname="swag_labs.test.LoginSwagTest" name="LoginWrongUserFormat" time="0.329"/>
  <testcase classname="swag_labs.test.ProductsTest" name="AddingItems" time="1.878"/>
</testsuite> <!-- Login -->
